#
# There is insufficient memory for the Java Runtime Environment to continue.
# Native memory allocation (mmap) failed to map 264241152 bytes for Failed to commit area from 0x0000000704000000 to 0x0000000713c00000 of length 264241152.
# Possible reasons:
#   The system is out of physical RAM or swap space
#   The process is running with CompressedOops enabled, and the Java Heap may be blocking the growth of the native heap
# Possible solutions:
#   Reduce memory load on the system
#   Increase physical memory or swap space
#   Check if swap backing store is full
#   Decrease Java heap size (-Xmx/-Xms)
#   Decrease number of Java threads
#   Decrease Java thread stack sizes (-Xss)
#   Set larger code cache with -XX:ReservedCodeCacheSize=
# This output file may be truncated or incomplete.
#
#  Out of Memory Error (t:/workspace/open/src/hotspot/os/windows/os_windows.cpp:3269), pid=24212, tid=24376
#
# JRE version:  (11.0.2+9) (build )
# Java VM: OpenJDK 64-Bit Server VM (11.0.2+9, mixed mode, aot, sharing, tiered, compressed oops, g1 gc, windows-amd64)
# No core dump will be written. Minidumps are not enabled by default on client versions of Windows
#

---------------  S U M M A R Y ------------

Command Line: com.google.prefab.cli.AppKt --build-system cmake --platform android --abi arm64-v8a --os-version 21 --stl c++_shared --ndk-version 23 --output C:\\Users\\ASUS\\AppData\\Local\\Temp\\agp-prefab-staging5450292399018181694\\staged-cli-output C:\\Users\\ASUS\\.gradle\\caches\\transforms-3\\f2b9e11f53d62064f6302ae1e098cbf1\\transformed\\jetified-react-android-0.72.7-debug\\prefab C:\\Users\\ASUS\\.gradle\\caches\\transforms-3\\756a281a5b23f3b4833f941eb408abb6\\transformed\\jetified-fbjni-0.3.0\\prefab C:\\Users\\ASUS\\.gradle\\caches\\transforms-3\\5b687d8edaa35a440df5345564a2dc77\\transformed\\jetified-hermes-android-0.72.7-debug\\prefab

Host: 11th Gen Intel(R) Core(TM) i5-11400H @ 2.70GHz, 12 cores, 15G,  Windows 10 , 64 bit Build 22621 (10.0.22621.2506)
Time: Tue Dec 19 18:04:46 2023 SE Asia Standard Time elapsed time: 0 seconds (0d 0h 0m 0s)

---------------  T H R E A D  ---------------

Current thread (0x000001739706c800):  JavaThread "Unknown thread" [_thread_in_vm, id=24376, stack(0x00000060bb200000,0x00000060bb300000)]

Stack: [0x00000060bb200000,0x00000060bb300000]
Native frames: (J=compiled Java code, j=interpreted, Vv=VM code, C=native code)
V  [jvm.dll+0x63489a]
V  [jvm.dll+0x771f9f]
V  [jvm.dll+0x773648]
V  [jvm.dll+0x773d03]
V  [jvm.dll+0x25eba8]
V  [jvm.dll+0x631d3a]
V  [jvm.dll+0x626775]
V  [jvm.dll+0x313ffc]
V  [jvm.dll+0x313e82]
V  [jvm.dll+0x3196e6]
V  [jvm.dll+0x36579f]
V  [jvm.dll+0x3651c0]
V  [jvm.dll+0x2f0ff8]
V  [jvm.dll+0x2f2156]
V  [jvm.dll+0x74b4f7]
V  [jvm.dll+0x74cc3f]
V  [jvm.dll+0x372609]
V  [jvm.dll+0x731b69]
V  [jvm.dll+0x3e1bad]
V  [jvm.dll+0x3e3e81]
C  [java.exe+0x3607]
C  [java.exe+0x1746c]
C  [KERNEL32.DLL+0x1257d]
C  [ntdll.dll+0x5aa58]


---------------  P R O C E S S  ---------------

Threads class SMR info:
_java_thread_list=0x00000173955f0390, length=0, elements={
}

Java Threads: ( => current thread )

Other Threads:
  0x0000017397082000 GCTaskThread "GC Thread#0" [stack: 0x00000060bb300000,0x00000060bb400000] [id=11836]
  0x00000173970dd800 ConcurrentGCThread "G1 Main Marker" [stack: 0x00000060bb400000,0x00000060bb500000] [id=9556]
  0x00000173970df000 ConcurrentGCThread "G1 Conc#0" [stack: 0x00000060bb500000,0x00000060bb600000] [id=16920]

[error occurred during error reporting (printing all threads), id 0xc0000005, EXCEPTION_ACCESS_VIOLATION (0xc0000005) at pc=0x00007ffdf9fdf5b7]

VM state:not at safepoint (not fully initialized)

VM Mutex/Monitor currently owned by a thread:  ([mutex/lock_event])
[0x0000017397068ec0] Heap_lock - owner thread: 0x000001739706c800

Heap address: 0x0000000704000000, size: 4032 MB, Compressed Oops mode: Non-zero based: 0x0000000704000000
Narrow klass base: 0x0000000000000000, Narrow klass shift: 0

GC Heap History (0 events):
No events

Deoptimization events (0 events):
No events

Classes redefined (0 events):
No events

Internal exceptions (0 events):
No events

Events (0 events):
No events


Dynamic libraries:
0x00007ff7026b0000 - 0x00007ff7026f5000 	C:\Users\ASUS\AppData\Local\jdk-11.0.2\bin\java.exe
0x00007ffed20f0000 - 0x00007ffed2307000 	C:\WINDOWS\SYSTEM32\ntdll.dll
0x00007ffed0770000 - 0x00007ffed0834000 	C:\WINDOWS\System32\KERNEL32.DLL
0x00007ffecf460000 - 0x00007ffecf806000 	C:\WINDOWS\System32\KERNELBASE.dll
0x00007ffed0ab0000 - 0x00007ffed0c5e000 	C:\WINDOWS\System32\USER32.dll
0x00007ffecfbb0000 - 0x00007ffecfbd6000 	C:\WINDOWS\System32\win32u.dll
0x00007ffed11b0000 - 0x00007ffed11d9000 	C:\WINDOWS\System32\GDI32.dll
0x00007ffecfa90000 - 0x00007ffecfba8000 	C:\WINDOWS\System32\gdi32full.dll
0x00007ffecf810000 - 0x00007ffecf8aa000 	C:\WINDOWS\System32\msvcp_win.dll
0x00007ffecf8b0000 - 0x00007ffecf9c1000 	C:\WINDOWS\System32\ucrtbase.dll
0x00007ffeaf420000 - 0x00007ffeaf6b3000 	C:\WINDOWS\WinSxS\amd64_microsoft.windows.common-controls_6595b64144ccf1df_6.0.22621.2506_none_270c5ae97388e100\COMCTL32.dll
0x00007ffed1ed0000 - 0x00007ffed1f77000 	C:\WINDOWS\System32\msvcrt.dll
0x00007ffed1aa0000 - 0x00007ffed1ad1000 	C:\WINDOWS\System32\IMM32.DLL
0x00007ffeb9ce0000 - 0x00007ffeb9cf6000 	C:\Users\ASUS\AppData\Local\jdk-11.0.2\bin\vcruntime140.dll
0x00007ffe3cb40000 - 0x00007ffe3cbea000 	C:\Users\ASUS\AppData\Local\jdk-11.0.2\bin\msvcp140.dll
0x00007ffdf9ce0000 - 0x00007ffdfa803000 	C:\Users\ASUS\AppData\Local\jdk-11.0.2\bin\server\jvm.dll
0x00007ffed0620000 - 0x00007ffed06d1000 	C:\WINDOWS\System32\ADVAPI32.dll
0x00007ffed0410000 - 0x00007ffed04b5000 	C:\WINDOWS\System32\sechost.dll
0x00007ffed0c60000 - 0x00007ffed0d77000 	C:\WINDOWS\System32\RPCRT4.dll
0x00007ffed04c0000 - 0x00007ffed04c8000 	C:\WINDOWS\System32\PSAPI.DLL
0x00007ffec34c0000 - 0x00007ffec34ca000 	C:\WINDOWS\SYSTEM32\VERSION.dll
0x00007ffec4b20000 - 0x00007ffec4b54000 	C:\WINDOWS\SYSTEM32\WINMM.dll
0x00007ffec5f00000 - 0x00007ffec5f09000 	C:\WINDOWS\SYSTEM32\WSOCK32.dll
0x00007ffed1d00000 - 0x00007ffed1d71000 	C:\WINDOWS\System32\WS2_32.dll
0x00007ffece520000 - 0x00007ffece538000 	C:\WINDOWS\SYSTEM32\kernel.appcore.dll
0x00007ffeb97f0000 - 0x00007ffeb9801000 	C:\Users\ASUS\AppData\Local\jdk-11.0.2\bin\verify.dll
0x00007ffecc7f0000 - 0x00007ffecca23000 	C:\WINDOWS\SYSTEM32\DBGHELP.DLL
0x00007ffed0d80000 - 0x00007ffed1109000 	C:\WINDOWS\System32\combase.dll
0x00007ffecfe40000 - 0x00007ffecff17000 	C:\WINDOWS\System32\OLEAUT32.dll
0x00007ffec2fd0000 - 0x00007ffec3002000 	C:\WINDOWS\SYSTEM32\dbgcore.DLL
0x00007ffecfbe0000 - 0x00007ffecfc5a000 	C:\WINDOWS\System32\bcryptPrimitives.dll
0x00007ffeb97b0000 - 0x00007ffeb97d8000 	C:\Users\ASUS\AppData\Local\jdk-11.0.2\bin\java.dll
0x00007ffeb4420000 - 0x00007ffeb4436000 	C:\Users\ASUS\AppData\Local\jdk-11.0.2\bin\zip.dll
0x00007ffec7c10000 - 0x00007ffec7c1a000 	C:\Users\ASUS\AppData\Local\jdk-11.0.2\bin\jimage.dll

dbghelp: loaded successfully - version: 4.0.5 - missing functions: none
symbol engine: initialized successfully - sym options: 0x614 - pdb path: .;C:\Users\ASUS\AppData\Local\jdk-11.0.2\bin;C:\WINDOWS\SYSTEM32;C:\WINDOWS\WinSxS\amd64_microsoft.windows.common-controls_6595b64144ccf1df_6.0.22621.2506_none_270c5ae97388e100;C:\Users\ASUS\AppData\Local\jdk-11.0.2\bin\server

VM Arguments:
java_command: com.google.prefab.cli.AppKt --build-system cmake --platform android --abi arm64-v8a --os-version 21 --stl c++_shared --ndk-version 23 --output C:\\Users\\ASUS\\AppData\\Local\\Temp\\agp-prefab-staging5450292399018181694\\staged-cli-output C:\\Users\\ASUS\\.gradle\\caches\\transforms-3\\f2b9e11f53d62064f6302ae1e098cbf1\\transformed\\jetified-react-android-0.72.7-debug\\prefab C:\\Users\\ASUS\\.gradle\\caches\\transforms-3\\756a281a5b23f3b4833f941eb408abb6\\transformed\\jetified-fbjni-0.3.0\\prefab C:\\Users\\ASUS\\.gradle\\caches\\transforms-3\\5b687d8edaa35a440df5345564a2dc77\\transformed\\jetified-hermes-android-0.72.7-debug\\prefab
java_class_path (initial): C:\\Users\\ASUS\\.gradle\\caches\\modules-2\\files-2.1\\com.google.prefab\\cli\\2.0.0\\f2702b5ca13df54e3ca92f29d6b403fb6285d8df\\cli-2.0.0-all.jar
Launcher Type: SUN_STANDARD

[Global flags]
     intx CICompilerCount                          = 4                                         {product} {ergonomic}
     uint ConcGCThreads                            = 3                                         {product} {ergonomic}
     uint G1ConcRefinementThreads                  = 10                                        {product} {ergonomic}
   size_t G1HeapRegionSize                         = 1048576                                   {product} {ergonomic}
    uintx GCDrainStackTargetSize                   = 64                                        {product} {ergonomic}
   size_t InitialHeapSize                          = 264241152                                 {product} {ergonomic}
   size_t MarkStackSize                            = 4194304                                   {product} {ergonomic}
   size_t MaxHeapSize                              = 4227858432                                {product} {ergonomic}
   size_t MinHeapDeltaBytes                        = 1048576                                   {product} {ergonomic}
    uintx NonNMethodCodeHeapSize                   = 5835340                                {pd product} {ergonomic}
    uintx NonProfiledCodeHeapSize                  = 122911450                              {pd product} {ergonomic}
    uintx ProfiledCodeHeapSize                     = 122911450                              {pd product} {ergonomic}
    uintx ReservedCodeCacheSize                    = 251658240                              {pd product} {ergonomic}
     bool SegmentedCodeCache                       = true                                      {product} {ergonomic}
     bool UseCompressedClassPointers               = true                                 {lp64_product} {ergonomic}
     bool UseCompressedOops                        = true                                 {lp64_product} {ergonomic}
     bool UseG1GC                                  = true                                      {product} {ergonomic}
     bool UseLargePagesIndividualAllocation        = false                                  {pd product} {ergonomic}

Logging:
Log output configuration:
 #0: stdout all=warning uptime,level,tags
 #1: stderr all=off uptime,level,tags

Environment Variables:
JAVA_HOME=C:\Users\ASUS\AppData\Local\jdk-11.0.2
CLASSPATH=E:\Code\Lab5\android\\gradle\wrapper\gradle-wrapper.jar
PATH=E:\Code\Lab5\node_modules\.bin;E:\Code\node_modules\.bin;E:\node_modules\.bin;C:\Users\ASUS\AppData\Roaming\npm\node_modules\npm\node_modules\@npmcli\run-script\lib\node-gyp-bin;C:\Program Files\Microsoft\jdk-11.0.20.8-hotspot\bin;C:\Program Files (x86)\Common Files\Oracle\Java\javapath;C:\Program Files (x86)\VMware\VMware Workstation\bin\;C:\Program Files\Eclipse Adoptium\jdk-8.0.382.5-hotspot\bin;C:\ProgramData\Oracle\Java\javapath;C:\Windows\system32;C:\Windows;C:\Windows\System32\Wbem;C:\Windows\System32\WindowsPowerShell\v1.0\;C:\Windows\System32\OpenSSH\;C:\Program Files (x86)\NVIDIA Corporation\PhysX\Common;C:\Program Files\Microsoft SQL Server\150\Tools\Binn\;C:\Program Files\Microsoft SQL Server\Client SDK\ODBC\170\Tools\Binn\;C:\Program Files\dotnet\;C:\Program Files (x86)\Microsoft SQL Server\150\Tools\Binn\;C:\Program Files\Microsoft SQL Server\150\DTS\Binn\;C:\Program Files (x86)\Microsoft SQL Server\150\DTS\Binn\;C:\Program Files\Azure Data Studio\bin;C:\Program Files\NVIDIA Corporation\NVIDIA NvDLISR;C:\WINDOWS\system32;C:\WINDOWS;C:\WINDOWS\System32\Wbem;C:\WINDOWS\System32\WindowsPowerShell\v1.0\;C:\WINDOWS\System32\OpenSSH\;D:\Programs\Git\cmd;C:\ProgramData\chocolatey\bin;C:\Program Files\nodejs\;C:\Program Files (x86)\Windows Kits\8.1\Windows Performance Toolkit\;C:\Users\ASUS\AppData\Local\Android\Sdk\platform-tools;C:\Users\ASUS\AppData\Local\Android\Sdk\tools;C:\Users\ASUS\AppData\Local\Microsoft\WindowsApps;C:\Program Files\Azure Data Studio\bin;C:\Users\ASUS\AppData\Local\GitHubDesktop\bin;C:\Users\ASUS\AppData\Local\Programs\Microsoft VS Code\bin;C:\Users\ASUS\.dotnet\tools;C:\Users\ASUS\AppData\Roaming\npm;C:\Users\ASUS\AppData\Local\Android\Sdk\platform-tools;
USERNAME=Trang ^.^
OS=Windows_NT
PROCESSOR_IDENTIFIER=Intel64 Family 6 Model 141 Stepping 1, GenuineIntel



---------------  S Y S T E M  ---------------

OS: Windows 10 , 64 bit Build 22621 (10.0.22621.2506)

CPU:total 12 (initial active 12) (6 cores per cpu, 2 threads per core) family 6 model 141 stepping 1, cmov, cx8, fxsr, mmx, sse, sse2, sse3, ssse3, sse4.1, sse4.2, popcnt, avx, avx2, aes, clmul, erms, 3dnowpref, lzcnt, ht, tsc, tscinvbit, bmi1, bmi2, adx, evex, sha, fma

Memory: 4k page, system-wide physical 16121M (1541M free)
TotalPageFile size 31121M (AvailPageFile size 146M)
current process WorkingSet (physical memory assigned to process): 11M, peak: 11M
current process commit charge ("private bytes"): 64M, peak: 316M

vm_info: OpenJDK 64-Bit Server VM (11.0.2+9) for windows-amd64 JRE (11.0.2+9), built on Jan 18 2019 05:23:22 by "mach5one" with MS VC++ 15.5 (VS2017)

END.
